2021-06-07 10:37:31,308 - JSON Query to explore/tags/jilbab/: HTTPSConnectionPool(host='www.instagram.com', port=443): Read timed out. (read timeout=10.0) [retrying; skip with ^C]
2021-06-07 10:45:26,804 - JSON Query to explore/tags/jilbab/: HTTPSConnectionPool(host='www.instagram.com', port=443): Read timed out. (read timeout=10.0) [retrying; skip with ^C]
2021-06-07 10:50:47,276 - JSON Query to explore/tags/jilbab/: HTTPSConnectionPool(host='www.instagram.com', port=443): Read timed out. (read timeout=10.0) [retrying; skip with ^C]
2021-06-07 10:57:45,498 - JSON Query to explore/tags/jilbab/: HTTPSConnectionPool(host='www.instagram.com', port=443): Read timed out. (read timeout=10.0) [retrying; skip with ^C]
2021-06-07 11:04:05,040 - JSON Query to explore/tags/jilbab/: HTTPSConnectionPool(host='www.instagram.com', port=443): Read timed out. (read timeout=10.0) [retrying; skip with ^C]
2021-06-07 11:10:41,517 - JSON Query to explore/tags/jilbab/: HTTPSConnectionPool(host='www.instagram.com', port=443): Read timed out. (read timeout=10.0) [retrying; skip with ^C]
2021-06-07 11:15:09,417 - JSON Query to explore/tags/jilbab/: HTTPSConnectionPool(host='www.instagram.com', port=443): Read timed out. (read timeout=10.0) [retrying; skip with ^C]
2021-06-07 11:20:29,177 - JSON Query to explore/tags/jilbab/: HTTPSConnectionPool(host='www.instagram.com', port=443): Read timed out. (read timeout=10.0) [retrying; skip with ^C]
2021-06-07 11:24:23,267 - JSON Query to explore/tags/jilbab/: HTTPSConnectionPool(host='www.instagram.com', port=443): Read timed out. (read timeout=10.0) [retrying; skip with ^C]
2021-06-07 11:29:32,803 - JSON Query to explore/tags/jilbab/: HTTPSConnectionPool(host='www.instagram.com', port=443): Read timed out. (read timeout=10.0) [retrying; skip with ^C]
2021-06-07 11:31:11,035 - JSON Query to explore/tags/jilbab/: HTTPSConnectionPool(host='www.instagram.com', port=443): Read timed out. (read timeout=10.0) [retrying; skip with ^C]
2021-06-07 11:35:35,665 - JSON Query to explore/tags/jilbab/: HTTPSConnectionPool(host='www.instagram.com', port=443): Read timed out. (read timeout=10.0) [retrying; skip with ^C]
2021-06-07 11:40:49,703 - JSON Query to explore/tags/jilbab/: HTTPSConnectionPool(host='www.instagram.com', port=443): Read timed out. (read timeout=10.0) [retrying; skip with ^C]
2021-06-07 11:47:24,890 - JSON Query to explore/tags/jilbab/: HTTPSConnectionPool(host='www.instagram.com', port=443): Read timed out. (read timeout=10.0) [retrying; skip with ^C]
2021-06-07 11:55:48,982 - JSON Query to explore/tags/jilbab/: HTTPSConnectionPool(host='www.instagram.com', port=443): Read timed out. (read timeout=10.0) [retrying; skip with ^C]
2021-06-07 12:00:01,302 - JSON Query to explore/tags/jilbab/: HTTPSConnectionPool(host='www.instagram.com', port=443): Read timed out. (read timeout=10.0) [retrying; skip with ^C]
2021-06-07 12:08:04,513 - JSON Query to explore/tags/jilbab/: HTTPSConnectionPool(host='www.instagram.com', port=443): Read timed out. (read timeout=10.0) [retrying; skip with ^C]
2021-06-07 12:17:31,214 - JSON Query to explore/tags/jilbab/: HTTPSConnectionPool(host='www.instagram.com', port=443): Read timed out. (read timeout=10.0) [retrying; skip with ^C]
2021-06-07 12:21:18,043 - Warning: <Post CNph3t5jXzg> has unknown typename: GraphGuideMediaFacade
2021-06-07 12:24:58,957 - JSON Query to explore/tags/jilbab/: HTTPSConnectionPool(host='www.instagram.com', port=443): Read timed out. (read timeout=10.0) [retrying; skip with ^C]
2021-06-07 12:32:57,638 - JSON Query to explore/tags/jilbab/: HTTPSConnectionPool(host='www.instagram.com', port=443): Read timed out. (read timeout=10.0) [retrying; skip with ^C]
2021-06-07 12:38:38,027 - JSON Query to explore/tags/jilbab/: HTTPSConnectionPool(host='www.instagram.com', port=443): Read timed out. (read timeout=10.0) [retrying; skip with ^C]
2021-06-07 14:02:48,950 - JSON Query to bushrazhraa/feed/: HTTP error code 560. [retrying; skip with ^C]
2021-06-07 14:03:39,520 - JSON Query to sanam.nadha/feed/: Could not find "window._sharedData" in html response. [retrying; skip with ^C]
2021-06-07 14:03:40,463 - JSON Query to sanam.nadha/feed/: Could not find "window._sharedData" in html response. [retrying; skip with ^C]
2021-06-07 14:08:49,508 - JSON Query to ayxshaahsan/feed/: Could not find "window._sharedData" in html response. [retrying; skip with ^C]
2021-06-07 14:08:51,185 - JSON Query to ayxshaahsan/feed/: Could not find "window._sharedData" in html response. [retrying; skip with ^C]
